Command line:
   deserializer_isim_beh.exe
     -simmode  gui
     -simrunnum  0
     -socket  36278

Tue Jun  2 15:21:03 2015


 Elaboration Time: 0.02 sec

 Current Memory Usage: 195.998 Meg

 Total Signals          : 8
 Total Nets             : 29
 Total Signal Drivers   : 4
 Total Blocks           : 5
 Total Primitive Blocks : 5
 Total Processes        : 3
 Total Traceable Variables  : 15
 Total Scalar Nets and Variables : 530
Total Line Count : 17

 Total Simulation Time: 0.04 sec

 Current Memory Usage: 271.499 Meg

Tue Jun  2 15:21:07 2015

