Command line:
   connect_ser_des_tb_isim_beh.exe
     -simmode  gui
     -simrunnum  0
     -socket  38115

Sat Jun  6 12:57:52 2015


 Elaboration Time: 0.02 sec

 Current Memory Usage: 196.002 Meg

 Total Signals          : 33
 Total Nets             : 69
 Total Signal Drivers   : 16
 Total Blocks           : 9
 Total Primitive Blocks : 7
 Total Processes        : 19
 Total Traceable Variables  : 38
 Total Scalar Nets and Variables : 820
Total Line Count : 50

 Total Simulation Time: 0.03 sec

 Current Memory Usage: 271.503 Meg

Sat Jun  6 12:57:58 2015

